<?xml version="1.0" encoding="UTF-8"?>
<!-- Generated by org.testng.reporters.JUnitReportReporter -->
<testsuite hostname="LTgbalaji-2G7ZX" failures="0" tests="2" name="testSuite.TestClass2" time="0.004" errors="0" timestamp="2022-08-09T08:28:16 IST" skipped="0">
  <testcase classname="testSuite.TestClass2" name="testCase4" time="0.002"/>
  <system-out/>
  <testcase classname="testSuite.TestClass2" name="testCase3" time="0.002"/>
  <system-out/>
</testsuite> <!-- testSuite.TestClass2 -->
