<?xml version="1.0" encoding="UTF-8"?>
<!-- Generated by org.testng.reporters.JUnitReportReporter -->
<testsuite hostname="LTgbalaji-2G7ZX" failures="0" tests="1" name="customReport.ScreenshotTest" time="8.760" errors="0" timestamp="2022-08-09T16:49:31 IST" skipped="0">
  <testcase classname="customReport.ScreenshotTest" name="testBStackTakeScreenShot" time="8.760"/>
  <system-out/>
</testsuite> <!-- customReport.ScreenshotTest -->
