<?xml version="1.0" encoding="UTF-8"?>
<!-- Generated by org.testng.reporters.JUnitReportReporter -->
<testsuite hostname="LTgbalaji-2G7ZX" failures="0" tests="2" name="parallelTest.ChromeTest" time="137.809" errors="0" timestamp="23 Aug 2022 03:21:16 GMT">
  <testcase classname="parallelTest.ChromeTest" name="ifconditiontest" time="131.853"/>
  <testcase classname="parallelTest.ChromeTest" name="ChromeTestMethod" time="5.956"/>
</testsuite> <!-- parallelTest.ChromeTest -->
