<?xml version="1.0" encoding="UTF-8"?>
<!-- Generated by org.testng.reporters.JUnitReportReporter -->
<testsuite hostname="LTgbalaji-2G7ZX" failures="0" tests="1" name="firsttestngPackage.IfTest" time="2.409" errors="0" timestamp="2022-04-30T16:10:30 IST" skipped="0">
  <testcase classname="firsttestngPackage.IfTest" name="nestedIfTests" time="2.409"/>
  <system-out/>
</testsuite> <!-- firsttestngPackage.IfTest -->
