<?xml version="1.0" encoding="UTF-8"?>
<!-- Generated by org.testng.reporters.JUnitReportReporter -->
<testsuite hostname="LTgbalaji-2G7ZX" failures="0" tests="1" name="parallelTest.FireFoxTest" time="70.918" errors="0" timestamp="23 Aug 2022 03:21:16 GMT">
  <testcase classname="parallelTest.FireFoxTest" name="FirefoxTestMethod" time="70.918"/>
</testsuite> <!-- parallelTest.FireFoxTest -->
