<?xml version="1.0" encoding="UTF-8"?>
<!-- Generated by org.testng.reporters.JUnitReportReporter -->
<testsuite hostname="LTgbalaji-2G7ZX" failures="0" tests="1" name="firsttestngPackage.IframeTest" time="0.931" errors="0" timestamp="2022-04-30T07:12:37 IST" skipped="0">
  <testcase classname="firsttestngPackage.IframeTest" name="test_iframes" time="0.931"/>
  <system-out/>
</testsuite> <!-- firsttestngPackage.IframeTest -->
