<?xml version="1.0" encoding="UTF-8"?>
<!-- Generated by org.testng.reporters.JUnitReportReporter -->
<testsuite hostname="LTgbalaji-2G7ZX" failures="0" tests="2" name="testSuite.TestClass1" time="0.008" errors="0" timestamp="2022-08-09T08:28:16 IST" skipped="0">
  <testcase classname="testSuite.TestClass1" name="testCase2" time="0.007"/>
  <system-out/>
  <testcase classname="testSuite.TestClass1" name="testCase1" time="0.001"/>
  <system-out/>
</testsuite> <!-- testSuite.TestClass1 -->
