<?xml version="1.0" encoding="UTF-8"?>
<!-- Generated by org.testng.reporters.JUnitReportReporter -->
<testsuite hostname="LTgbalaji-2G7ZX" failures="0" tests="1" name="testSetup.SetupClass" time="12.048" errors="0" timestamp="2022-04-25T19:34:20 IST" skipped="0">
  <testcase classname="testSetup.SetupClass" name="Login" time="12.048"/>
  <system-out/>
</testsuite> <!-- testSetup.SetupClass -->
