<?xml version="1.0" encoding="UTF-8"?>
<!-- Generated by org.testng.reporters.JUnitReportReporter -->
<testsuite hostname="LTgbalaji-2G7ZX" failures="0" tests="2" name="firsttestngPackage.PrTest" time="0.005" errors="0" timestamp="2022-09-17T10:13:15 IST" skipped="0">
  <testcase classname="firsttestngPackage.PrTest" name="test_one" time="0.004"/>
  <system-out/>
  <testcase classname="firsttestngPackage.PrTest" name="test_two" time="0.001"/>
  <system-out/>
</testsuite> <!-- firsttestngPackage.PrTest -->
