<?xml version="1.0" encoding="UTF-8"?>
<!-- Generated by org.testng.reporters.JUnitReportReporter -->
<testsuite hostname="LTgbalaji-2G7ZX" failures="0" tests="1" name="firsttestngPackage.FirstTestNGFile" time="0.012" errors="0" timestamp="2022-08-08T08:45:14 IST" skipped="0">
  <testcase classname="firsttestngPackage.FirstTestNGFile" name="verifyHomepageTitle" time="0.012"/>
  <system-out/>
</testsuite> <!-- firsttestngPackage.FirstTestNGFile -->
