<?xml version="1.0" encoding="UTF-8"?>
<!-- Generated by org.testng.reporters.JUnitReportReporter -->
<testsuite hostname="LTgbalaji-2G7ZX" failures="0" tests="2" name="testrunner.Runner" time="40.595" errors="0" timestamp="2022-09-14T15:03:47 IST" skipped="0">
  <testcase classname="testrunner.Runner" name="runScenario" time="26.626"/>
  <system-out/>
  <testcase classname="testrunner.Runner" name="runScenario" time="13.969"/>
  <system-out/>
</testsuite> <!-- testrunner.Runner -->
