<?xml version="1.0" encoding="UTF-8"?>
<!-- Generated by org.testng.reporters.JUnitReportReporter -->
<testsuite hostname="LTgbalaji-2G7ZX" failures="0" tests="1" name="testrunner.Runner1" time="12.455" errors="0" timestamp="2022-09-14T16:34:13 IST" skipped="0">
  <testcase classname="testrunner.Runner1" name="runScenario" time="12.455"/>
  <system-out/>
</testsuite> <!-- testrunner.Runner1 -->
