<?xml version="1.0" encoding="UTF-8"?>
<!-- Generated by org.testng.reporters.JUnitReportReporter -->
<testsuite hostname="LTgbalaji-2G7ZX" failures="0" tests="2" name="stepdefinitions.SimpleRest" time="2.391" errors="0" timestamp="2022-04-30T20:03:00 IST" skipped="0">
  <testcase classname="stepdefinitions.SimpleRest" name="putDetails" time="1.981"/>
  <system-out/>
  <testcase classname="stepdefinitions.SimpleRest" name="readAllDetails" time="0.410"/>
  <system-out/>
</testsuite> <!-- stepdefinitions.SimpleRest -->
