<?xml version="1.0" encoding="UTF-8"?>
<!-- Generated by org.testng.reporters.JUnitReportReporter -->
<testsuite hostname="LTgbalaji-2G7ZX" failures="0" tests="1" name="Guru99TakeScreenshot.Guru99TakeScreenshot" time="5.575" errors="0" timestamp="2022-08-20T08:49:33 IST" skipped="0">
  <testcase classname="Guru99TakeScreenshot.Guru99TakeScreenshot" name="testGuru99TakeScreenShot" time="5.575"/>
  <system-out/>
</testsuite> <!-- Guru99TakeScreenshot.Guru99TakeScreenshot -->
