<?xml version="1.0" encoding="UTF-8"?>
<!-- Generated by org.testng.reporters.JUnitReportReporter -->
<testsuite hostname="LTgbalaji-2G7ZX" failures="0" tests="2" name="testrunner.Runner" time="27.448" errors="0" timestamp="2022-04-30T19:16:48 IST" skipped="0">
  <testcase classname="testrunner.Runner" name="runScenario" time="11.579"/>
  <system-out/>
  <testcase classname="testrunner.Runner" name="runScenario" time="15.869"/>
  <system-out/>
</testsuite> <!-- testrunner.Runner -->
